nohup: ignoring input
 * Serving Flask app 'complete_system'
 * Debug mode: off
[31m[1mWARNING: This is a development server. Do not use it in a production deployment. Use a production WSGI server instead.[0m
 * Running on all addresses (0.0.0.0)
 * Running on http://127.0.0.1:8086
 * Running on http://192.168.1.172:8086
[33mPress CTRL+C to quit[0m
127.0.0.1 - - [26/Jun/2026 20:08:16] "GET / HTTP/1.1" 200 -
Exception in thread Thread-2 (_run):
Traceback (most recent call last):
  File "/data/data/com.termux/files/usr/lib/python3.13/threading.py", line 1044, in _bootstrap_inner
    self.run()
    ~~~~~~~~^^
  File "/data/data/com.termux/files/usr/lib/python3.13/threading.py", line 995, in run
    self._target(*self._args, **self._kwargs)
    ~~~~~~~~~~~~^^^^^^^^^^^^^^^^^^^^^^^^^^^^^
  File "/data/data/com.termux/files/home/A1OS/agents/engine.py", line 53, in _run
    agents = self.get_all()
  File "/data/data/com.termux/files/home/A1OS/agents/engine.py", line 42, in get_all
    return [{"id": r[0], "name": r[1], "type": r[2], "status": r[3], "metadata": json.loads(r[4]), "created": r[5], "last_active": r[6]} for r in rows]
                                                                                 ~~~~~~~~~~^^^^^^
  File "/data/data/com.termux/files/usr/lib/python3.13/json/__init__.py", line 352, in loads
    return _default_decoder.decode(s)
           ~~~~~~~~~~~~~~~~~~~~~~~^^^
  File "/data/data/com.termux/files/usr/lib/python3.13/json/decoder.py", line 348, in decode
    raise JSONDecodeError("Extra data", s, end)
json.decoder.JSONDecodeError: Extra data: line 1 column 5 (char 4)
127.0.0.1 - - [26/Jun/2026 20:08:47] "GET / HTTP/1.1" 200 -
